<?xml version="1.0" encoding="UTF-8"?>
<!-- Generated by org.testng.reporters.JUnitReportReporter -->
<testsuite hostname="fdbccbae305176273efeecefdccebaone-0" failures="0" tests="3" name="runner.Testcase1" time="56.455" errors="0" timestamp="2023-09-16T07:39:25 UTC" skipped="0">
  <testcase classname="runner.Testcase1" name="Register" time="26.697"/>
  <testcase classname="runner.Testcase1" name="Valid_Login_TC" time="13.559"/>
  <testcase classname="runner.Testcase1" name="WithdrawTest" time="16.199"/>
</testsuite> <!-- runner.Testcase1 -->
