<?xml version="1.0" encoding="UTF-8"?>
<!-- Generated by org.testng.reporters.JUnitReportReporter -->
<testsuite hostname="fdbccbae305176273efeecefdccebaone-0" failures="0" tests="3" name="runner.Testcase1" time="29.418" errors="0" timestamp="2023-09-16T07:42:50 UTC" skipped="0">
  <testcase classname="runner.Testcase1" name="Register" time="13.244"/>
  <testcase classname="runner.Testcase1" name="Valid_Login_TC" time="4.210"/>
  <testcase classname="runner.Testcase1" name="WithdrawTest" time="11.964"/>
</testsuite> <!-- runner.Testcase1 -->
